{
  "RSpec": {
    "coverage": {
      "/Users/autumnmartin/projects/2019/furEverFinder/app/models/search.rb": [
        1,
        1,
        1,
        null,
        1,
        6,
        2,
        4,
        2,
        null,
        2,
        null,
        null,
        null
      ],
      "/Users/autumnmartin/projects/2019/furEverFinder/app/models/application_record.rb": [
        1,
        1,
        null
      ],
      "/Users/autumnmartin/projects/2019/furEverFinder/spec/requests/api/v1/searches_spec.rb": [
        1,
        null,
        1,
        1,
        1,
        1,
        null,
        1,
        null,
        1,
        1,
        null,
        null,
        1,
        1,
        null,
        1,
        null,
        1,
        1,
        null,
        null,
        1,
        1,
        null,
        1,
        null,
        1,
        1,
        null,
        null,
        1,
        null,
        1,
        null,
        1,
        null,
        1,
        1,
        null,
        null,
        1,
        null,
        1,
        null,
        1,
        null,
        1,
        1,
        null,
        null,
        null,
        1,
        6,
        null,
        1,
        null,
        1,
        null,
        1,
        null,
        1,
        1,
        1,
        1,
        1,
        1,
        1,
        null,
        null,
        1,
        1,
        null,
        1,
        null,
        1,
        1,
        1,
        1,
        1,
        1,
        1,
        null,
        null,
        1,
        null,
        1,
        null,
        1,
        null,
        1,
        1,
        1,
        1,
        1,
        1,
        1,
        null,
        null,
        1,
        1,
        null,
        1,
        null,
        1,
        1,
        null,
        null,
        1,
        1,
        null,
        1,
        null,
        1,
        1,
        null,
        null,
        null
      ],
      "/Users/autumnmartin/projects/2019/furEverFinder/app/controllers/api/v1/searches_controller.rb": [
        1,
        1,
        10,
        2,
        null,
        8,
        8,
        null,
        null,
        null,
        1,
        null,
        1,
        24,
        null,
        null,
        null,
        1,
        10,
        10,
        null,
        10,
        null,
        null
      ],
      "/Users/autumnmartin/projects/2019/furEverFinder/app/controllers/application_controller.rb": [
        1,
        null
      ],
      "/Users/autumnmartin/projects/2019/furEverFinder/app/serializers/api/v1/search_serializer.rb": [
        1,
        1,
        1,
        null
      ]
    },
    "timestamp": 1572961344
  }
}
