{
  "RSpec": {
    "coverage": {
      "/Users/autumnmartin/projects/2019/furEverFinder/app/models/search.rb": [
        1,
        1,
        1,
        null
      ],
      "/Users/autumnmartin/projects/2019/furEverFinder/app/models/application_record.rb": [
        1,
        1,
        null
      ],
      "/Users/autumnmartin/projects/2019/furEverFinder/spec/requests/api/v1/searches_spec.rb": [
        1,
        null,
        1,
        1,
        1,
        null,
        1,
        null,
        1,
        null,
        null
      ],
      "/Users/autumnmartin/projects/2019/furEverFinder/app/controllers/api/v1/searches_controller.rb": [
        1,
        1,
        1,
        1,
        null,
        null
      ],
      "/Users/autumnmartin/projects/2019/furEverFinder/app/controllers/application_controller.rb": [
        1,
        null
      ]
    },
    "timestamp": 1572831714
  }
}
